<test-suite xmlns="http://software.in2p3.fr/lavoisier/entries.xsd">
    <!-- cards -->
    <entries view="Rack"/>
    <entries view="Server"/>
    <entries view="BlockDevice"/>
    <entries view="StoragePools"/>

    <!-- relations -->
    <entries view="Machine2Rack"/>
    <entries view="Server2BlockDevice"/>
    <entries view="Machine2GlobalConfig"/>
</test-suite>